2025-04-16 22:54:04,051 - INFO - Checking for existing Selenium processes...
2025-04-16 22:54:04,063 - INFO - Attempting to kill process: chromedriver.exe (PID: 268)
2025-04-16 22:54:04,234 - INFO - Attempting to kill process: chrome.exe (PID: 2664)
2025-04-16 22:54:04,290 - INFO - Attempting to kill process: chrome.exe (PID: 2944)
2025-04-16 22:54:04,405 - INFO - Attempting to kill process: chrome.exe (PID: 4736)
2025-04-16 22:54:06,617 - INFO - Finished cleaning up existing Selenium processes
2025-04-16 22:54:14,405 - INFO - Session initialized successfully with synchronized cookies
2025-04-16 22:54:14,408 - INFO - Scraper initialized with enhanced rate limiting and monitoring
2025-04-16 22:54:14,409 - INFO - 
Scraping category: Green Roof Drains
2025-04-16 22:54:14,410 - INFO - Category URL: https://www.watts.com/products/drainage-solutions/roof-drains/green-roof-drains
2025-04-16 22:54:14,410 - INFO - Loading category page with Selenium: https://www.watts.com/products/drainage-solutions/roof-drains/green-roof-drains
2025-04-16 22:54:19,954 - INFO - Found parent ID: {20726947-837B-4701-8786-0AEFC60B5747}
2025-04-16 22:54:19,961 - INFO - Making API request to https://www.watts.com/api/watts/series/search with params: {'parent': '20726947-837B-4701-8786-0AEFC60B5747', 'pageSize': 100, 'page': 1, 'sortBy': 'ProductName', 'sortOrder': 'ascending'}
2025-04-16 22:54:20,516 - INFO - API response: {'HasDiscontinuedResults': False, 'Query': {'Parent': '20726947-837b-4701-8786-0aefc60b5747', 'ShowDiscontinued': False, 'SortBy': 'ProductName', 'SortOrder': 'ascending', 'Page': 1, 'PageSize': 100, 'Facets': []}, 'Results': [], 'EndCount': 100, 'TotalResults': 10, 'Facets': [{'Name': 'Type', 'DisplayName': 'Product Type', 'Values': [{'Value': 'Multi-Level', 'DisplayValue': 'Multi-Level', 'Count': 2}, {'Value': 'Overflow Drainage', 'DisplayValue': 'Overflow Drainage', 'Count': 1}, {'Value': 'Plaza Areas', 'DisplayValue': 'Plaza Areas', 'Count': 2}, {'Value': 'Primary Drainage', 'DisplayValue': 'Primary Drainage', 'Count': 5}]}]}
2025-04-16 22:54:20,516 - ERROR - No product links found for category: Green Roof Drains
2025-04-16 22:54:20,516 - INFO - 
Scraping Summary:
2025-04-16 22:54:20,517 - INFO - Total time: 6.11 seconds
2025-04-16 22:54:20,517 - INFO - Failed downloads: 0
