2025-04-16 22:51:51,446 - INFO - Checking for existing Selenium processes...
2025-04-16 22:51:53,933 - INFO - Finished cleaning up existing Selenium processes
2025-04-16 22:52:01,581 - INFO - Session initialized successfully with synchronized cookies
2025-04-16 22:52:01,583 - INFO - Scraper initialized with enhanced rate limiting and monitoring
2025-04-16 22:52:01,585 - INFO - 
Scraping category: Green Roof Drains
2025-04-16 22:52:01,585 - INFO - Category URL: https://www.watts.com/products/drainage-solutions/roof-drains/green-roof-drains
2025-04-16 22:52:01,585 - INFO - Loading category page with Selenium: https://www.watts.com/products/drainage-solutions/roof-drains/green-roof-drains
2025-04-16 22:52:17,096 - INFO - Scrolling page to trigger lazy loading...
2025-04-16 22:52:25,128 - INFO - Found 507 network log entries
2025-04-16 22:52:25,134 - INFO - Saved detailed network information to network_debug_1744858345.json
2025-04-16 22:52:25,146 - INFO - Saved page source to debug_page_source_1744858345.html
2025-04-16 22:52:25,147 - INFO - No products found through analytics, trying page content...
2025-04-16 22:54:08,521 - WARNING - Retrying (Retry(total=2, connect=None, read=None, redirect=None, status=None)) after connection broken by 'NewConnectionError('<urllib3.connection.HTTPConnection object at 0x000001ED8B835550>: Failed to establish a new connection: [WinError 10061] No connection could be made because the target machine actively refused it')': /session/3046febe2b389218e51246fda4278792/element
2025-04-16 22:54:12,622 - WARNING - Retrying (Retry(total=1, connect=None, read=None, redirect=None, status=None)) after connection broken by 'NewConnectionError('<urllib3.connection.HTTPConnection object at 0x000001ED8B789090>: Failed to establish a new connection: [WinError 10061] No connection could be made because the target machine actively refused it')': /session/3046febe2b389218e51246fda4278792/element
2025-04-16 22:54:16,702 - WARNING - Retrying (Retry(total=0, connect=None, read=None, redirect=None, status=None)) after connection broken by 'NewConnectionError('<urllib3.connection.HTTPConnection object at 0x000001ED8B789810>: Failed to establish a new connection: [WinError 10061] No connection could be made because the target machine actively refused it')': /session/3046febe2b389218e51246fda4278792/element
2025-04-16 22:54:20,789 - ERROR - Error getting product links: HTTPConnectionPool(host='localhost', port=59383): Max retries exceeded with url: /session/3046febe2b389218e51246fda4278792/element (Caused by NewConnectionError('<urllib3.connection.HTTPConnection object at 0x000001ED8B7A2780>: Failed to establish a new connection: [WinError 10061] No connection could be made because the target machine actively refused it'))
2025-04-16 22:54:20,789 - ERROR - No product links found for category: Green Roof Drains
2025-04-16 22:54:20,790 - INFO - 
Scraping Summary:
2025-04-16 22:54:20,790 - INFO - Total time: 139.21 seconds
2025-04-16 22:54:20,790 - INFO - Failed downloads: 0
2025-04-16 22:54:24,909 - WARNING - Retrying (Retry(total=2, connect=None, read=None, redirect=None, status=None)) after connection broken by 'NewConnectionError('<urllib3.connection.HTTPConnection object at 0x000001ED8807B5C0>: Failed to establish a new connection: [WinError 10061] No connection could be made because the target machine actively refused it')': /session/3046febe2b389218e51246fda4278792
2025-04-16 22:54:29,004 - WARNING - Retrying (Retry(total=1, connect=None, read=None, redirect=None, status=None)) after connection broken by 'NewConnectionError('<urllib3.connection.HTTPConnection object at 0x000001ED8B7D8EF0>: Failed to establish a new connection: [WinError 10061] No connection could be made because the target machine actively refused it')': /session/3046febe2b389218e51246fda4278792
2025-04-16 22:54:33,095 - WARNING - Retrying (Retry(total=0, connect=None, read=None, redirect=None, status=None)) after connection broken by 'NewConnectionError('<urllib3.connection.HTTPConnection object at 0x000001ED8827D9D0>: Failed to establish a new connection: [WinError 10061] No connection could be made because the target machine actively refused it')': /session/3046febe2b389218e51246fda4278792
