2025-04-16 17:09:21,929 - INFO - 
Starting to scrape category: Floor & Area Drains
2025-04-16 17:09:21,929 - INFO - Checking URL: https://www.watts.com/products/drainage-solutions/floor-drains-channels-trench/floor-area-drains
2025-04-16 17:09:22,459 - INFO - Found subcategory: https://www.watts.com/products/drainage-solutions/floor-drains-channels-trench/cleanouts
2025-04-16 17:09:22,459 - INFO - Found subcategory: https://www.watts.com/products/drainage-solutions/floor-drains-channels-trench/cleanouts
2025-04-16 17:09:22,460 - INFO - Found subcategory: https://www.watts.com/products/drainage-solutions/floor-drains-channels-trench/dead-level-trench-drains
2025-04-16 17:09:22,461 - INFO - Found subcategory: https://www.watts.com/products/drainage-solutions/floor-drains-channels-trench/dead-level-trench-drains
2025-04-16 17:09:22,461 - INFO - Found subcategory: https://www.watts.com/products/drainage-solutions/fixture-carriers
2025-04-16 17:09:22,462 - INFO - Found subcategory: https://www.watts.com/products/drainage-solutions/fixture-carriers
2025-04-16 17:09:22,462 - INFO - Found subcategory: https://www.watts.com/products/drainage-solutions/roof-drains/green-roof-drains
2025-04-16 17:09:22,463 - INFO - Found subcategory: https://www.watts.com/products/drainage-solutions/roof-drains/green-roof-drains
2025-04-16 17:09:22,463 - INFO - Found subcategory: https://www.watts.com/products/drainage-solutions/interceptors
2025-04-16 17:09:22,464 - INFO - Found subcategory: https://www.watts.com/products/drainage-solutions/interceptors
2025-04-16 17:09:22,464 - INFO - Found subcategory: https://www.watts.com/products/drainage-solutions/parking-deck-drains
2025-04-16 17:09:22,464 - INFO - Found subcategory: https://www.watts.com/products/drainage-solutions/parking-deck-drains
2025-04-16 17:09:22,464 - INFO - Found subcategory: https://www.watts.com/products/drainage-solutions/roof-drains
2025-04-16 17:09:22,465 - INFO - Found subcategory: https://www.watts.com/products/drainage-solutions/roof-drains
2025-04-16 17:09:22,465 - INFO - Found subcategory: https://www.watts.com/products/drainage-solutions/floor-drains-channels-trench
2025-04-16 17:09:22,465 - INFO - Processing subcategory: https://www.watts.com/products/drainage-solutions/floor-drains-channels-trench/cleanouts
2025-04-16 17:09:24,676 - INFO - Processing subcategory: https://www.watts.com/products/drainage-solutions/floor-drains-channels-trench/cleanouts
2025-04-16 17:09:26,883 - INFO - Processing subcategory: https://www.watts.com/products/drainage-solutions/floor-drains-channels-trench/dead-level-trench-drains
2025-04-16 17:09:29,133 - INFO - Processing subcategory: https://www.watts.com/products/drainage-solutions/floor-drains-channels-trench/dead-level-trench-drains
2025-04-16 17:09:31,338 - INFO - Processing subcategory: https://www.watts.com/products/drainage-solutions/fixture-carriers
2025-04-16 17:09:33,514 - INFO - Processing subcategory: https://www.watts.com/products/drainage-solutions/fixture-carriers
2025-04-16 17:09:35,752 - INFO - Processing subcategory: https://www.watts.com/products/drainage-solutions/roof-drains/green-roof-drains
2025-04-16 17:09:38,014 - INFO - Processing subcategory: https://www.watts.com/products/drainage-solutions/roof-drains/green-roof-drains
2025-04-16 17:09:40,207 - INFO - Processing subcategory: https://www.watts.com/products/drainage-solutions/interceptors
2025-04-16 17:09:42,403 - INFO - Processing subcategory: https://www.watts.com/products/drainage-solutions/interceptors
2025-04-16 17:09:44,610 - INFO - Processing subcategory: https://www.watts.com/products/drainage-solutions/parking-deck-drains
2025-04-16 17:09:46,830 - INFO - Processing subcategory: https://www.watts.com/products/drainage-solutions/parking-deck-drains
2025-04-16 17:09:49,134 - INFO - Processing subcategory: https://www.watts.com/products/drainage-solutions/roof-drains
2025-04-16 17:09:51,315 - INFO - Processing subcategory: https://www.watts.com/products/drainage-solutions/roof-drains
2025-04-16 17:09:53,525 - INFO - Processing subcategory: https://www.watts.com/products/drainage-solutions/floor-drains-channels-trench
2025-04-16 17:09:55,745 - WARNING - No product links found for category: https://www.watts.com/products/drainage-solutions/floor-drains-channels-trench/floor-area-drains
2025-04-16 17:09:55,745 - INFO - Category Floor & Area Drains complete. Successfully downloaded 0/0 specs.
2025-04-16 17:09:55,746 - INFO - 
Scraping Summary:
2025-04-16 17:09:55,746 - INFO - Total time: 33.82 seconds
2025-04-16 17:09:55,746 - INFO - Failed downloads: 0
