2025-04-16 17:06:08,127 - INFO - 
Starting to scrape category: Floor & Area Drains
2025-04-16 17:06:08,128 - INFO - Checking URL: https://www.watts.com/products/drainage-solutions/floor-drains-channels-trench/floor-area-drains
2025-04-16 17:06:08,614 - INFO - Found subcategory: https://www.watts.com/products/drainage-solutions/floor-drains-channels-trench/cleanouts
2025-04-16 17:06:08,614 - INFO - Found subcategory: https://www.watts.com/products/drainage-solutions/floor-drains-channels-trench/cleanouts
2025-04-16 17:06:08,614 - INFO - Found subcategory: https://www.watts.com/products/drainage-solutions/floor-drains-channels-trench/dead-level-trench-drains
2025-04-16 17:06:08,615 - INFO - Found subcategory: https://www.watts.com/products/drainage-solutions/floor-drains-channels-trench/dead-level-trench-drains
2025-04-16 17:06:08,615 - INFO - Found subcategory: https://www.watts.com/products/drainage-solutions/fixture-carriers
2025-04-16 17:06:08,615 - INFO - Found subcategory: https://www.watts.com/products/drainage-solutions/fixture-carriers
2025-04-16 17:06:08,615 - INFO - Found subcategory: https://www.watts.com/products/drainage-solutions/roof-drains/green-roof-drains
2025-04-16 17:06:08,616 - INFO - Found subcategory: https://www.watts.com/products/drainage-solutions/roof-drains/green-roof-drains
2025-04-16 17:06:08,616 - INFO - Found subcategory: https://www.watts.com/products/drainage-solutions/interceptors
2025-04-16 17:06:08,616 - INFO - Found subcategory: https://www.watts.com/products/drainage-solutions/interceptors
2025-04-16 17:06:08,617 - INFO - Found subcategory: https://www.watts.com/products/drainage-solutions/parking-deck-drains
2025-04-16 17:06:08,617 - INFO - Found subcategory: https://www.watts.com/products/drainage-solutions/parking-deck-drains
2025-04-16 17:06:08,617 - INFO - Found subcategory: https://www.watts.com/products/drainage-solutions/roof-drains
2025-04-16 17:06:08,618 - INFO - Found subcategory: https://www.watts.com/products/drainage-solutions/roof-drains
2025-04-16 17:06:08,618 - INFO - Found subcategory: https://www.watts.com/products/drainage-solutions/floor-drains-channels-trench
2025-04-16 17:06:08,618 - INFO - Processing subcategory: https://www.watts.com/products/drainage-solutions/floor-drains-channels-trench/cleanouts
2025-04-16 17:06:10,886 - INFO - Processing subcategory: https://www.watts.com/products/drainage-solutions/floor-drains-channels-trench/cleanouts
2025-04-16 17:06:13,162 - INFO - Processing subcategory: https://www.watts.com/products/drainage-solutions/floor-drains-channels-trench/dead-level-trench-drains
2025-04-16 17:06:15,416 - INFO - Processing subcategory: https://www.watts.com/products/drainage-solutions/floor-drains-channels-trench/dead-level-trench-drains
2025-04-16 17:06:17,610 - INFO - Processing subcategory: https://www.watts.com/products/drainage-solutions/fixture-carriers
2025-04-16 17:06:19,847 - INFO - Processing subcategory: https://www.watts.com/products/drainage-solutions/fixture-carriers
2025-04-16 17:06:22,001 - INFO - Processing subcategory: https://www.watts.com/products/drainage-solutions/roof-drains/green-roof-drains
2025-04-16 17:06:24,249 - INFO - Processing subcategory: https://www.watts.com/products/drainage-solutions/roof-drains/green-roof-drains
2025-04-16 17:06:26,496 - INFO - Processing subcategory: https://www.watts.com/products/drainage-solutions/interceptors
2025-04-16 17:06:28,727 - INFO - Processing subcategory: https://www.watts.com/products/drainage-solutions/interceptors
2025-04-16 17:06:31,011 - INFO - Processing subcategory: https://www.watts.com/products/drainage-solutions/parking-deck-drains
2025-04-16 17:06:33,240 - INFO - Processing subcategory: https://www.watts.com/products/drainage-solutions/parking-deck-drains
2025-04-16 17:06:35,434 - INFO - Processing subcategory: https://www.watts.com/products/drainage-solutions/roof-drains
2025-04-16 17:06:37,640 - INFO - Processing subcategory: https://www.watts.com/products/drainage-solutions/roof-drains
2025-04-16 17:06:39,962 - INFO - Processing subcategory: https://www.watts.com/products/drainage-solutions/floor-drains-channels-trench
2025-04-16 17:06:42,245 - WARNING - No product links found for category: https://www.watts.com/products/drainage-solutions/floor-drains-channels-trench/floor-area-drains
